0 info it worked if it ends with ok
1 verbose cli [ '/usr/local/Cellar/node/5.4.0/bin/node',
1 verbose cli   '/usr/local/bin/npm',
1 verbose cli   'start' ]
2 info using npm@3.5.3
3 info using node@v5.4.0
4 verbose run-script [ 'prestart', 'start', 'poststart' ]
5 info lifecycle test@0.0.0~prestart: test@0.0.0
6 verbose lifecycle test@0.0.0~prestart: unsafe-perm in lifecycle true
7 verbose lifecycle test@0.0.0~prestart: PATH: /usr/local/lib/node_modules/npm/bin/node-gyp-bin:/usr/local/var/www/angular.loc/test/node_modules/.bin:/usr/local/opt/qt5/bin:/usr/local/opt/gnu-tar/libexec/gnubin:/usr/local/opt/gnu-sed/libexec/gnubin:/usr/local/opt/coreutils/libexec/gnubin:/usr/local/apache2nginx/bin:/usr/local/sbin:/usr/local/lib/php/PEAR:/usr/local/opt/php56/bin:/usr/local/bin:/usr/local/sbin:/usr/local/libexec:/Users/mirocow/bin:/usr/local/opt/qt5/bin:/usr/local/opt/gnu-tar/libexec/gnubin:/usr/local/opt/gnu-sed/libexec/gnubin:/usr/local/opt/coreutils/libexec/gnubin:/usr/local/apache2nginx/bin:/usr/local/sbin:/usr/local/lib/php/PEAR:/usr/local/opt/php56/bin:/usr/local/bin:/usr/local/sbin:/usr/local/libexec:/Users/mirocow/bin:/usr/bin:/bin:/usr/sbin:/sbin:/usr/local/bin:/opt/X11/bin:/usr/local/etc/bash_completion.d:/usr/local/etc/bash_completion.d
8 verbose lifecycle test@0.0.0~prestart: CWD: /usr/local/var/www/angular.loc/test
9 silly lifecycle test@0.0.0~prestart: Args: [ '-c', 'npm install' ]
10 silly lifecycle test@0.0.0~prestart: Returned: code: 1  signal: null
11 info lifecycle test@0.0.0~prestart: Failed to exec prestart script
12 verbose stack Error: test@0.0.0 prestart: `npm install`
12 verbose stack Exit status 1
12 verbose stack     at EventEmitter.<anonymous> (/usr/local/lib/node_modules/npm/lib/utils/lifecycle.js:232:16)
12 verbose stack     at emitTwo (events.js:87:13)
12 verbose stack     at EventEmitter.emit (events.js:172:7)
12 verbose stack     at ChildProcess.<anonymous> (/usr/local/lib/node_modules/npm/lib/utils/spawn.js:24:14)
12 verbose stack     at emitTwo (events.js:87:13)
12 verbose stack     at ChildProcess.emit (events.js:172:7)
12 verbose stack     at maybeClose (internal/child_process.js:821:16)
12 verbose stack     at Process.ChildProcess._handle.onexit (internal/child_process.js:211:5)
13 verbose pkgid test@0.0.0
14 verbose cwd /usr/local/var/www/angular.loc/test
15 error Darwin 13.4.0
16 error argv "/usr/local/Cellar/node/5.4.0/bin/node" "/usr/local/bin/npm" "start"
17 error node v5.4.0
18 error npm  v3.5.3
19 error code ELIFECYCLE
20 error test@0.0.0 prestart: `npm install`
20 error Exit status 1
21 error Failed at the test@0.0.0 prestart script 'npm install'.
21 error Make sure you have the latest version of node.js and npm installed.
21 error If you do, this is most likely a problem with the test package,
21 error not with npm itself.
21 error Tell the author that this fails on your system:
21 error     npm install
21 error You can get information on how to open an issue for this project with:
21 error     npm bugs test
21 error Or if that isn't available, you can get their info via:
21 error     npm owner ls test
21 error There is likely additional logging output above.
22 verbose exit [ 1, true ]
